# JRE version: Java(TM) SE Runtime Environment (8.0_341-b10) (build 1.8.0_341-b10)
# Java VM: Java HotSpot(TM) 64-Bit Server VM (25.341-b10 mixed mode windows-amd64 compressed oops)
Heap:
 PSYoungGen      total 439296K, used 113509K [0x00000000d5580000, 0x00000000f7180000, 0x0000000100000000)
  eden space 406528K, 19% used [0x00000000d5580000,0x00000000da4608e0,0x00000000ee280000)
  from space 32768K, 99% used [0x00000000ee280000,0x00000000f0278c20,0x00000000f0280000)
  to   space 43008K, 0% used [0x00000000f4780000,0x00000000f4780000,0x00000000f7180000)
 ParOldGen       total 287232K, used 132001K [0x0000000080000000, 0x0000000091880000, 0x00000000d5580000)
  object space 287232K, 45% used [0x0000000080000000,0x00000000880e8768,0x0000000091880000)
 Metaspace       used 111310K, capacity 119800K, committed 120024K, reserved 1153024K
  class space    used 14907K, capacity 17385K, committed 17408K, reserved 1048576K
GC Heap History (10 events):
Event: 28.615 GC heap before
{Heap before GC invocations=21 (full 3):
 PSYoungGen      total 324096K, used 298591K [0x00000000d5580000, 0x00000000ee600000, 0x0000000100000000)
  eden space 292864K, 100% used [0x00000000d5580000,0x00000000e7380000,0x00000000e7380000)
  from space 31232K, 18% used [0x00000000e7380000,0x00000000e7917da0,0x00000000e9200000)
  to   space 31232K, 0% used [0x00000000ec780000,0x00000000ec780000,0x00000000ee600000)
 ParOldGen       total 195072K, used 94878K [0x0000000080000000, 0x000000008be80000, 0x00000000d5580000)
  object space 195072K, 48% used [0x0000000080000000,0x0000000085ca7aa0,0x000000008be80000)
 Metaspace       used 75032K, capacity 81876K, committed 82136K, reserved 1120256K
  class space    used 9104K, capacity 11184K, committed 11264K, reserved 1048576K
Event: 28.624 GC heap after
Heap after GC invocations=21 (full 3):
 PSYoungGen      total 379392K, used 7302K [0x00000000d5580000, 0x00000000ee900000, 0x0000000100000000)
  eden space 348160K, 0% used [0x00000000d5580000,0x00000000d5580000,0x00000000ea980000)
  from space 31232K, 23% used [0x00000000ec780000,0x00000000ecea19c0,0x00000000ee600000)
  to   space 30720K, 0% used [0x00000000ea980000,0x00000000ea980000,0x00000000ec780000)
 ParOldGen       total 195072K, used 94886K [0x0000000080000000, 0x000000008be80000, 0x00000000d5580000)
  object space 195072K, 48% used [0x0000000080000000,0x0000000085ca9aa0,0x000000008be80000)
 Metaspace       used 75032K, capacity 81876K, committed 82136K, reserved 1120256K
  class space    used 9104K, capacity 11184K, committed 11264K, reserved 1048576K
}
Event: 32.072 GC heap before
{Heap before GC invocations=22 (full 3):
 PSYoungGen      total 379392K, used 355462K [0x00000000d5580000, 0x00000000ee900000, 0x0000000100000000)
  eden space 348160K, 100% used [0x00000000d5580000,0x00000000ea980000,0x00000000ea980000)
  from space 31232K, 23% used [0x00000000ec780000,0x00000000ecea19c0,0x00000000ee600000)
  to   space 30720K, 0% used [0x00000000ea980000,0x00000000ea980000,0x00000000ec780000)
 ParOldGen       total 195072K, used 94886K [0x0000000080000000, 0x000000008be80000, 0x00000000d5580000)
  object space 195072K, 48% used [0x0000000080000000,0x0000000085ca9aa0,0x000000008be80000)
 Metaspace       used 86234K, capacity 93550K, committed 93784K, reserved 1130496K
  class space    used 10966K, capacity 13128K, committed 13184K, reserved 1048576K
Event: 32.111 GC heap after
Heap after GC invocations=22 (full 3):
 PSYoungGen      total 378880K, used 20230K [0x00000000d5580000, 0x00000000f2480000, 0x0000000100000000)
  eden space 348160K, 0% used [0x00000000d5580000,0x00000000d5580000,0x00000000ea980000)
  from space 30720K, 65% used [0x00000000ea980000,0x00000000ebd41ab8,0x00000000ec780000)
  to   space 31744K, 0% used [0x00000000f0580000,0x00000000f0580000,0x00000000f2480000)
 ParOldGen       total 195072K, used 99605K [0x0000000080000000, 0x000000008be80000, 0x00000000d5580000)
  object space 195072K, 51% used [0x0000000080000000,0x00000000861455c0,0x000000008be80000)
 Metaspace       used 86234K, capacity 93550K, committed 93784K, reserved 1130496K
  class space    used 10966K, capacity 13128K, committed 13184K, reserved 1048576K
}
Event: 33.277 GC heap before
{Heap before GC invocations=23 (full 3):
 PSYoungGen      total 378880K, used 68115K [0x00000000d5580000, 0x00000000f2480000, 0x0000000100000000)
  eden space 348160K, 13% used [0x00000000d5580000,0x00000000d84434e0,0x00000000ea980000)
  from space 30720K, 65% used [0x00000000ea980000,0x00000000ebd41ab8,0x00000000ec780000)
  to   space 31744K, 0% used [0x00000000f0580000,0x00000000f0580000,0x00000000f2480000)
 ParOldGen       total 195072K, used 99605K [0x0000000080000000, 0x000000008be80000, 0x00000000d5580000)
  object space 195072K, 51% used [0x0000000080000000,0x00000000861455c0,0x000000008be80000)
 Metaspace       used 90603K, capacity 98110K, committed 98264K, reserved 1134592K
  class space    used 11522K, capacity 13739K, committed 13824K, reserved 1048576K
Event: 33.306 GC heap after
Heap after GC invocations=23 (full 3):
 PSYoungGen      total 436224K, used 22098K [0x00000000d5580000, 0x00000000f2280000, 0x0000000100000000)
  eden space 406528K, 0% used [0x00000000d5580000,0x00000000d5580000,0x00000000ee280000)
  from space 29696K, 74% used [0x00000000f0580000,0x00000000f1b14be8,0x00000000f2280000)
  to   space 32768K, 0% used [0x00000000ee280000,0x00000000ee280000,0x00000000f0280000)
 ParOldGen       total 195072K, used 99613K [0x0000000080000000, 0x000000008be80000, 0x00000000d5580000)
  object space 195072K, 51% used [0x0000000080000000,0x00000000861475c0,0x000000008be80000)
 Metaspace       used 90603K, capacity 98110K, committed 98264K, reserved 1134592K
  class space    used 11522K, capacity 13739K, committed 13824K, reserved 1048576K
}
Event: 33.306 GC heap before
{Heap before GC invocations=24 (full 4):
 PSYoungGen      total 436224K, used 22098K [0x00000000d5580000, 0x00000000f2280000, 0x0000000100000000)
  eden space 406528K, 0% used [0x00000000d5580000,0x00000000d5580000,0x00000000ee280000)
  from space 29696K, 74% used [0x00000000f0580000,0x00000000f1b14be8,0x00000000f2280000)
  to   space 32768K, 0% used [0x00000000ee280000,0x00000000ee280000,0x00000000f0280000)
 ParOldGen       total 195072K, used 99613K [0x0000000080000000, 0x000000008be80000, 0x00000000d5580000)
  object space 195072K, 51% used [0x0000000080000000,0x00000000861475c0,0x000000008be80000)
 Metaspace       used 90603K, capacity 98110K, committed 98264K, reserved 1134592K
  class space    used 11522K, capacity 13739K, committed 13824K, reserved 1048576K
Event: 33.864 GC heap after
Heap after GC invocations=24 (full 4):
 PSYoungGen      total 436224K, used 0K [0x00000000d5580000, 0x00000000f2280000, 0x0000000100000000)
  eden space 406528K, 0% used [0x00000000d5580000,0x00000000d5580000,0x00000000ee280000)
  from space 29696K, 0% used [0x00000000f0580000,0x00000000f0580000,0x00000000f2280000)
  to   space 32768K, 0% used [0x00000000ee280000,0x00000000ee280000,0x00000000f0280000)
 ParOldGen       total 287232K, used 117595K [0x0000000080000000, 0x0000000091880000, 0x00000000d5580000)
  object space 287232K, 40% used [0x0000000080000000,0x00000000872d6ca0,0x0000000091880000)
 Metaspace       used 90595K, capacity 98094K, committed 98264K, reserved 1134592K
  class space    used 11519K, capacity 13733K, committed 13824K, reserved 1048576K
}
Event: 80.513 GC heap before
{Heap before GC invocations=25 (full 4):
 PSYoungGen      total 436224K, used 406528K [0x00000000d5580000, 0x00000000f2280000, 0x0000000100000000)
  eden space 406528K, 100% used [0x00000000d5580000,0x00000000ee280000,0x00000000ee280000)
  from space 29696K, 0% used [0x00000000f0580000,0x00000000f0580000,0x00000000f2280000)
  to   space 32768K, 0% used [0x00000000ee280000,0x00000000ee280000,0x00000000f0280000)
 ParOldGen       total 287232K, used 117595K [0x0000000080000000, 0x0000000091880000, 0x00000000d5580000)
  object space 287232K, 40% used [0x0000000080000000,0x00000000872d6ca0,0x0000000091880000)
 Metaspace       used 107299K, capacity 115570K, committed 115800K, reserved 1148928K
  class space    used 14124K, capacity 16478K, committed 16512K, reserved 1048576K
Event: 80.564 GC heap after
Heap after GC invocations=25 (full 4):
 PSYoungGen      total 439296K, used 32739K [0x00000000d5580000, 0x00000000f7180000, 0x0000000100000000)
  eden space 406528K, 0% used [0x00000000d5580000,0x00000000d5580000,0x00000000ee280000)
  from space 32768K, 99% used [0x00000000ee280000,0x00000000f0278c20,0x00000000f0280000)
  to   space 43008K, 0% used [0x00000000f4780000,0x00000000f4780000,0x00000000f7180000)
 ParOldGen       total 287232K, used 132001K [0x0000000080000000, 0x0000000091880000, 0x00000000d5580000)
  object space 287232K, 45% used [0x0000000080000000,0x00000000880e8768,0x0000000091880000)
 Metaspace       used 107299K, capacity 115570K, committed 115800K, reserved 1148928K
  class space    used 14124K, capacity 16478K, committed 16512K, reserved 1048576K
}

